<?xml version="1.0" encoding="UTF-8"?>
<!-- Generated by org.testng.reporters.JUnitXMLReporter -->
<testsuite ignored="0" hostname="HP-Dago" failures="0" tests="16" name="Tests" time="14.695" errors="0" timestamp="2023-06-14T14:58:39 CDT">
  <testcase classname="api.tests.DDTests" name="testPostUsers" time="3.33"/>
  <testcase classname="api.tests.DDTests" name="testPostUsers" time="0.405"/>
  <testcase classname="api.tests.DDTests" name="testPostUsers" time="0.39"/>
  <testcase classname="api.tests.DDTests" name="testPostUsers" time="0.378"/>
  <testcase classname="api.tests.DDTests" name="testGetUser" time="0.419"/>
  <testcase classname="api.tests.DDTests" name="testGetUser" time="0.376"/>
  <testcase classname="api.tests.DDTests" name="testGetUser" time="0.364"/>
  <testcase classname="api.tests.DDTests" name="testGetUser" time="0.389"/>
  <testcase classname="api.tests.DDTests" name="testDeleteUser" time="0.378"/>
  <testcase classname="api.tests.DDTests" name="testDeleteUser" time="0.382"/>
  <testcase classname="api.tests.DDTests" name="testDeleteUser" time="0.368"/>
  <testcase classname="api.tests.DDTests" name="testDeleteUser" time="0.38"/>
  <testcase classname="api.tests.UserTests" name="testPostUser" time="0.387"/>
  <testcase classname="api.tests.UserTests" name="testGetUser" time="0.384"/>
  <testcase classname="api.tests.UserTests" name="testPutUser" time="0.736"/>
  <testcase classname="api.tests.UserTests" name="testDeleteUser" time="0.371"/>
</testsuite> <!-- Tests -->
