<?xml version="1.0" encoding="UTF-8"?>
<!-- Generated by org.testng.reporters.JUnitXMLReporter -->
<testsuite ignored="0" hostname="HP-Dago" failures="0" tests="16" name="Tests" time="14.53" errors="0" timestamp="2023-06-13T03:10:38 CDT">
  <testcase classname="api.tests.DDTests" name="testPostUsers" time="3.444"/>
  <testcase classname="api.tests.DDTests" name="testPostUsers" time="0.424"/>
  <testcase classname="api.tests.DDTests" name="testPostUsers" time="0.404"/>
  <testcase classname="api.tests.DDTests" name="testPostUsers" time="0.409"/>
  <testcase classname="api.tests.DDTests" name="testGetUser" time="0.495"/>
  <testcase classname="api.tests.DDTests" name="testGetUser" time="0.392"/>
  <testcase classname="api.tests.DDTests" name="testGetUser" time="0.394"/>
  <testcase classname="api.tests.DDTests" name="testGetUser" time="0.394"/>
  <testcase classname="api.tests.DDTests" name="testDeleteUser" time="0.395"/>
  <testcase classname="api.tests.DDTests" name="testDeleteUser" time="0.388"/>
  <testcase classname="api.tests.DDTests" name="testDeleteUser" time="0.386"/>
  <testcase classname="api.tests.DDTests" name="testDeleteUser" time="0.393"/>
  <testcase classname="api.tests.UserTests" name="testPostUser" time="0.404"/>
  <testcase classname="api.tests.UserTests" name="testGetUser" time="0.396"/>
  <testcase classname="api.tests.UserTests" name="testPutUser" time="0.8"/>
  <testcase classname="api.tests.UserTests" name="testDeleteUser" time="0.388"/>
</testsuite> <!-- Tests -->
