<?xml version="1.0" encoding="UTF-8"?>
<!-- Generated by org.testng.reporters.JUnitXMLReporter -->
<testsuite ignored="0" hostname="HP-Dago" failures="0" tests="4" name="Default test" time="6.474" errors="0" timestamp="2023-06-13T01:53:32 CDT">
  <testcase classname="api.tests.UserTests2" name="testPostUser" time="3.506"/>
  <testcase classname="api.tests.UserTests2" name="testGetUser" time="0.437"/>
  <testcase classname="api.tests.UserTests2" name="testPutUser" time="0.794"/>
  <testcase classname="api.tests.UserTests2" name="testDeleteUser" time="0.386"/>
</testsuite> <!-- Default test -->
