<?xml version="1.0" encoding="UTF-8"?>
<testsuite xmlns:xsi="http://www.w3.org/2001/XMLSchema-instance" xsi:noNamespaceSchemaLocation="https://maven.apache.org/surefire/maven-surefire-plugin/xsd/surefire-test-report-3.0.xsd" version="3.0" name="TestSuite" time="15.154" tests="16" errors="0" skipped="0" failures="0">
  <properties>
[...]
</properties>
  <testcase name="testPostUsers[101, test1, Jhon, Smith, test1@mail.com, test001, 65645454](1)" classname="api.tests.DDTests" time="3.313">
    <system-out><![CDATA[test1
HTTP/1.1 200 OK
Date: Wed, 14 Jun 2023 20:00:13 GMT
Content-Type: application/json
Transfer-Encoding: chunked
Connection: keep-alive
Access-Control-Allow-Origin: *
Access-Control-Allow-Methods: GET, POST, DELETE, PUT
Access-Control-Allow-Headers: Content-Type, api_key, Authorization
Server: Jetty(9.2.9.v20150224)

{
    "code": 200,
    "type": "unknown",
    "message": "101"
}
]]></system-out>
    <system-err><![CDATA[SLF4J: Failed to load class "org.slf4j.impl.StaticLoggerBinder".
SLF4J: Defaulting to no-operation (NOP) logger implementation
SLF4J: See http://www.slf4j.org/codes.html#StaticLoggerBinder for further details.
]]></system-err>
  </testcase>
  <testcase name="testPostUsers[102, test2, Kat, Kan, test2@mail.com, test002, 34534534](2)" classname="api.tests.DDTests" time="0.388">
    <system-out><![CDATA[test2
HTTP/1.1 200 OK
Date: Wed, 14 Jun 2023 20:00:13 GMT
Content-Type: application/json
Transfer-Encoding: chunked
Connection: keep-alive
Access-Control-Allow-Origin: *
Access-Control-Allow-Methods: GET, POST, DELETE, PUT
Access-Control-Allow-Headers: Content-Type, api_key, Authorization
Server: Jetty(9.2.9.v20150224)

{
    "code": 200,
    "type": "unknown",
    "message": "102"
}
]]></system-out>
  </testcase>
  <testcase name="testPostUsers[103, test3, Bob, Mill, test3@mail.com, test003, 23232111](3)" classname="api.tests.DDTests" time="0.408">
    <system-out><![CDATA[test3
HTTP/1.1 200 OK
Date: Wed, 14 Jun 2023 20:00:14 GMT
Content-Type: application/json
Transfer-Encoding: chunked
Connection: keep-alive
Access-Control-Allow-Origin: *
Access-Control-Allow-Methods: GET, POST, DELETE, PUT
Access-Control-Allow-Headers: Content-Type, api_key, Authorization
Server: Jetty(9.2.9.v20150224)

{
    "code": 200,
    "type": "unknown",
    "message": "103"
}
]]></system-out>
  </testcase>
  <testcase name="testPostUsers[104, test4, Mat, Brown, test4@mail.com, test004, 79089898](4)" classname="api.tests.DDTests" time="0.365">
    <system-out><![CDATA[test4
HTTP/1.1 200 OK
Date: Wed, 14 Jun 2023 20:00:14 GMT
Content-Type: application/json
Transfer-Encoding: chunked
Connection: keep-alive
Access-Control-Allow-Origin: *
Access-Control-Allow-Methods: GET, POST, DELETE, PUT
Access-Control-Allow-Headers: Content-Type, api_key, Authorization
Server: Jetty(9.2.9.v20150224)

{
    "code": 200,
    "type": "unknown",
    "message": "104"
}
]]></system-out>
  </testcase>
  <testcase name="testGetUser[test1](1)" classname="api.tests.DDTests" time="0.436">
    <system-out><![CDATA[test1
HTTP/1.1 200 OK
Date: Wed, 14 Jun 2023 20:00:15 GMT
Content-Type: application/json
Transfer-Encoding: chunked
Connection: keep-alive
Access-Control-Allow-Origin: *
Access-Control-Allow-Methods: GET, POST, DELETE, PUT
Access-Control-Allow-Headers: Content-Type, api_key, Authorization
Server: Jetty(9.2.9.v20150224)

{
    "id": 101,
    "username": "test1",
    "firstName": "Jhon",
    "lastName": "Smith",
    "email": "test1@mail.com",
    "password": "test001",
    "phone": "65645454",
    "userStatus": 0
}
]]></system-out>
  </testcase>
  <testcase name="testGetUser[test2](2)" classname="api.tests.DDTests" time="0.425">
    <system-out><![CDATA[test2
HTTP/1.1 200 OK
Date: Wed, 14 Jun 2023 20:00:15 GMT
Content-Type: application/json
Transfer-Encoding: chunked
Connection: keep-alive
Access-Control-Allow-Origin: *
Access-Control-Allow-Methods: GET, POST, DELETE, PUT
Access-Control-Allow-Headers: Content-Type, api_key, Authorization
Server: Jetty(9.2.9.v20150224)

{
    "id": 102,
    "username": "test2",
    "firstName": "Kat",
    "lastName": "Kan",
    "email": "test2@mail.com",
    "password": "test002",
    "phone": "34534534",
    "userStatus": 0
}
]]></system-out>
  </testcase>
  <testcase name="testGetUser[test3](3)" classname="api.tests.DDTests" time="0.376">
    <system-out><![CDATA[test3
HTTP/1.1 200 OK
Date: Wed, 14 Jun 2023 20:00:15 GMT
Content-Type: application/json
Transfer-Encoding: chunked
Connection: keep-alive
Access-Control-Allow-Origin: *
Access-Control-Allow-Methods: GET, POST, DELETE, PUT
Access-Control-Allow-Headers: Content-Type, api_key, Authorization
Server: Jetty(9.2.9.v20150224)

{
    "id": 103,
    "username": "test3",
    "firstName": "Bob",
    "lastName": "Mill",
    "email": "test3@mail.com",
    "password": "test003",
    "phone": "23232111",
    "userStatus": 0
}
]]></system-out>
  </testcase>
  <testcase name="testGetUser[test4](4)" classname="api.tests.DDTests" time="0.394">
    <system-out><![CDATA[test4
HTTP/1.1 200 OK
Date: Wed, 14 Jun 2023 20:00:16 GMT
Content-Type: application/json
Transfer-Encoding: chunked
Connection: keep-alive
Access-Control-Allow-Origin: *
Access-Control-Allow-Methods: GET, POST, DELETE, PUT
Access-Control-Allow-Headers: Content-Type, api_key, Authorization
Server: Jetty(9.2.9.v20150224)

{
    "id": 104,
    "username": "test4",
    "firstName": "Mat",
    "lastName": "Brown",
    "email": "test4@mail.com",
    "password": "test004",
    "phone": "79089898",
    "userStatus": 0
}
]]></system-out>
  </testcase>
  <testcase name="testDeleteUser[test1](1)" classname="api.tests.DDTests" time="0.394">
    <system-out><![CDATA[test1
HTTP/1.1 200 OK
Date: Wed, 14 Jun 2023 20:00:16 GMT
Content-Type: application/json
Transfer-Encoding: chunked
Connection: keep-alive
Access-Control-Allow-Origin: *
Access-Control-Allow-Methods: GET, POST, DELETE, PUT
Access-Control-Allow-Headers: Content-Type, api_key, Authorization
Server: Jetty(9.2.9.v20150224)

{
    "code": 200,
    "type": "unknown",
    "message": "test1"
}
]]></system-out>
  </testcase>
  <testcase name="testDeleteUser[test2](2)" classname="api.tests.DDTests" time="0.378">
    <system-out><![CDATA[test2
HTTP/1.1 200 OK
Date: Wed, 14 Jun 2023 20:00:17 GMT
Content-Type: application/json
Transfer-Encoding: chunked
Connection: keep-alive
Access-Control-Allow-Origin: *
Access-Control-Allow-Methods: GET, POST, DELETE, PUT
Access-Control-Allow-Headers: Content-Type, api_key, Authorization
Server: Jetty(9.2.9.v20150224)

{
    "code": 200,
    "type": "unknown",
    "message": "test2"
}
]]></system-out>
  </testcase>
  <testcase name="testDeleteUser[test3](3)" classname="api.tests.DDTests" time="0.37">
    <system-out><![CDATA[test3
HTTP/1.1 200 OK
Date: Wed, 14 Jun 2023 20:00:17 GMT
Content-Type: application/json
Transfer-Encoding: chunked
Connection: keep-alive
Access-Control-Allow-Origin: *
Access-Control-Allow-Methods: GET, POST, DELETE, PUT
Access-Control-Allow-Headers: Content-Type, api_key, Authorization
Server: Jetty(9.2.9.v20150224)

{
    "code": 200,
    "type": "unknown",
    "message": "test3"
}
]]></system-out>
  </testcase>
  <testcase name="testDeleteUser[test4](4)" classname="api.tests.DDTests" time="0.375">
    <system-out><![CDATA[test4
HTTP/1.1 200 OK
Date: Wed, 14 Jun 2023 20:00:17 GMT
Content-Type: application/json
Transfer-Encoding: chunked
Connection: keep-alive
Access-Control-Allow-Origin: *
Access-Control-Allow-Methods: GET, POST, DELETE, PUT
Access-Control-Allow-Headers: Content-Type, api_key, Authorization
Server: Jetty(9.2.9.v20150224)

{
    "code": 200,
    "type": "unknown",
    "message": "test4"
}
]]></system-out>
  </testcase>
  <testcase name="testPostUser" classname="api.tests.UserTests" time="0.387">
    <system-out><![CDATA[kimberley.kreiger
HTTP/1.1 200 OK
Date: Wed, 14 Jun 2023 20:00:18 GMT
Content-Type: application/json
Transfer-Encoding: chunked
Connection: keep-alive
Access-Control-Allow-Origin: *
Access-Control-Allow-Methods: GET, POST, DELETE, PUT
Access-Control-Allow-Headers: Content-Type, api_key, Authorization
Server: Jetty(9.2.9.v20150224)

{
    "code": 200,
    "type": "unknown",
    "message": "1169734591"
}
15:00:17.730 [main] WARN  api.tests.UserTests - ------User created properly-------
]]></system-out>
  </testcase>
  <testcase name="testGetUser" classname="api.tests.UserTests" time="0.347">
    <system-out><![CDATA[kimberley.kreiger
HTTP/1.1 200 OK
Date: Wed, 14 Jun 2023 20:00:18 GMT
Content-Type: application/json
Transfer-Encoding: chunked
Connection: keep-alive
Access-Control-Allow-Origin: *
Access-Control-Allow-Methods: GET, POST, DELETE, PUT
Access-Control-Allow-Headers: Content-Type, api_key, Authorization
Server: Jetty(9.2.9.v20150224)

{
    "id": 1169734591,
    "username": "kimberley.kreiger",
    "firstName": "Nelson",
    "lastName": "Spinka",
    "email": "clemencia.hessel@hotmail.com",
    "password": "jXdCrC",
    "phone": "1-975-452-9291",
    "userStatus": 0
}
]]></system-out>
  </testcase>
  <testcase name="testPutUser" classname="api.tests.UserTests" time="0.745">
    <system-out><![CDATA[kimberley.kreiger
HTTP/1.1 200 OK
Date: Wed, 14 Jun 2023 20:00:19 GMT
Content-Type: application/json
Transfer-Encoding: chunked
Connection: keep-alive
Access-Control-Allow-Origin: *
Access-Control-Allow-Methods: GET, POST, DELETE, PUT
Access-Control-Allow-Headers: Content-Type, api_key, Authorization
Server: Jetty(9.2.9.v20150224)

{
    "code": 200,
    "type": "unknown",
    "message": "1169734591"
}
]]></system-out>
  </testcase>
  <testcase name="testDeleteUser" classname="api.tests.UserTests" time="0.36">
    <system-out><![CDATA[kimberley.kreiger
HTTP/1.1 200 OK
Date: Wed, 14 Jun 2023 20:00:19 GMT
Content-Type: application/json
Transfer-Encoding: chunked
Connection: keep-alive
Access-Control-Allow-Origin: *
Access-Control-Allow-Methods: GET, POST, DELETE, PUT
Access-Control-Allow-Headers: Content-Type, api_key, Authorization
Server: Jetty(9.2.9.v20150224)

{
    "code": 200,
    "type": "unknown",
    "message": "kimberley.kreiger"
}
15:00:19.212 [main] ERROR api.tests.UserTests - ------Deleting completed-------
]]></system-out>
  </testcase>
</testsuite>