<?xml version="1.0" encoding="UTF-8"?>
<testsuite xmlns:xsi="http://www.w3.org/2001/XMLSchema-instance" xsi:noNamespaceSchemaLocation="https://maven.apache.org/surefire/maven-surefire-plugin/xsd/surefire-test-report-3.0.xsd" version="3.0" name="TestSuite" time="18.838" tests="16" errors="0" skipped="0" failures="0">
  <properties>
[...]
</properties>
  <testcase name="testPostUsers[101, test1, Jhon, Smith, test1@mail.com, test001, 65645454](1)" classname="api.tests.DDTests" time="4.042">
    <system-out><![CDATA[test1
HTTP/1.1 200 OK
Date: Thu, 20 Jul 2023 12:56:32 GMT
Content-Type: application/json
Transfer-Encoding: chunked
Connection: keep-alive
Access-Control-Allow-Origin: *
Access-Control-Allow-Methods: GET, POST, DELETE, PUT
Access-Control-Allow-Headers: Content-Type, api_key, Authorization
Server: Jetty(9.2.9.v20150224)

{
    "code": 200,
    "type": "unknown",
    "message": "101"
}
]]></system-out>
    <system-err><![CDATA[SLF4J: Failed to load class "org.slf4j.impl.StaticLoggerBinder".
SLF4J: Defaulting to no-operation (NOP) logger implementation
SLF4J: See http://www.slf4j.org/codes.html#StaticLoggerBinder for further details.
]]></system-err>
  </testcase>
  <testcase name="testPostUsers[102, test2, Kat, Kan, test2@mail.com, test002, 34534534](2)" classname="api.tests.DDTests" time="0.453">
    <system-out><![CDATA[test2
HTTP/1.1 200 OK
Date: Thu, 20 Jul 2023 12:56:33 GMT
Content-Type: application/json
Transfer-Encoding: chunked
Connection: keep-alive
Access-Control-Allow-Origin: *
Access-Control-Allow-Methods: GET, POST, DELETE, PUT
Access-Control-Allow-Headers: Content-Type, api_key, Authorization
Server: Jetty(9.2.9.v20150224)

{
    "code": 200,
    "type": "unknown",
    "message": "102"
}
]]></system-out>
  </testcase>
  <testcase name="testPostUsers[103, test3, Bob, Mill, test3@mail.com, test003, 23232111](3)" classname="api.tests.DDTests" time="0.448">
    <system-out><![CDATA[test3
HTTP/1.1 200 OK
Date: Thu, 20 Jul 2023 12:56:33 GMT
Content-Type: application/json
Transfer-Encoding: chunked
Connection: keep-alive
Access-Control-Allow-Origin: *
Access-Control-Allow-Methods: GET, POST, DELETE, PUT
Access-Control-Allow-Headers: Content-Type, api_key, Authorization
Server: Jetty(9.2.9.v20150224)

{
    "code": 200,
    "type": "unknown",
    "message": "103"
}
]]></system-out>
  </testcase>
  <testcase name="testPostUsers[104, test4, Mat, Brown, test4@mail.com, test004, 79089898](4)" classname="api.tests.DDTests" time="0.433">
    <system-out><![CDATA[test4
HTTP/1.1 200 OK
Date: Thu, 20 Jul 2023 12:56:34 GMT
Content-Type: application/json
Transfer-Encoding: chunked
Connection: keep-alive
Access-Control-Allow-Origin: *
Access-Control-Allow-Methods: GET, POST, DELETE, PUT
Access-Control-Allow-Headers: Content-Type, api_key, Authorization
Server: Jetty(9.2.9.v20150224)

{
    "code": 200,
    "type": "unknown",
    "message": "104"
}
]]></system-out>
  </testcase>
  <testcase name="testGetUser[test1](1)" classname="api.tests.DDTests" time="0.483">
    <system-out><![CDATA[test1
HTTP/1.1 200 OK
Date: Thu, 20 Jul 2023 12:56:34 GMT
Content-Type: application/json
Transfer-Encoding: chunked
Connection: keep-alive
Access-Control-Allow-Origin: *
Access-Control-Allow-Methods: GET, POST, DELETE, PUT
Access-Control-Allow-Headers: Content-Type, api_key, Authorization
Server: Jetty(9.2.9.v20150224)

{
    "id": 101,
    "username": "test1",
    "firstName": "Jhon",
    "lastName": "Smith",
    "email": "test1@mail.com",
    "password": "test001",
    "phone": "65645454",
    "userStatus": 0
}
]]></system-out>
  </testcase>
  <testcase name="testGetUser[test2](2)" classname="api.tests.DDTests" time="0.436">
    <system-out><![CDATA[test2
HTTP/1.1 200 OK
Date: Thu, 20 Jul 2023 12:56:35 GMT
Content-Type: application/json
Transfer-Encoding: chunked
Connection: keep-alive
Access-Control-Allow-Origin: *
Access-Control-Allow-Methods: GET, POST, DELETE, PUT
Access-Control-Allow-Headers: Content-Type, api_key, Authorization
Server: Jetty(9.2.9.v20150224)

{
    "id": 102,
    "username": "test2",
    "firstName": "Kat",
    "lastName": "Kan",
    "email": "test2@mail.com",
    "password": "test002",
    "phone": "34534534",
    "userStatus": 0
}
]]></system-out>
  </testcase>
  <testcase name="testGetUser[test3](3)" classname="api.tests.DDTests" time="0.417">
    <system-out><![CDATA[test3
HTTP/1.1 200 OK
Date: Thu, 20 Jul 2023 12:56:35 GMT
Content-Type: application/json
Transfer-Encoding: chunked
Connection: keep-alive
Access-Control-Allow-Origin: *
Access-Control-Allow-Methods: GET, POST, DELETE, PUT
Access-Control-Allow-Headers: Content-Type, api_key, Authorization
Server: Jetty(9.2.9.v20150224)

{
    "id": 103,
    "username": "test3",
    "firstName": "Bob",
    "lastName": "Mill",
    "email": "test3@mail.com",
    "password": "test003",
    "phone": "23232111",
    "userStatus": 0
}
]]></system-out>
  </testcase>
  <testcase name="testGetUser[test4](4)" classname="api.tests.DDTests" time="0.513">
    <system-out><![CDATA[test4
HTTP/1.1 200 OK
Date: Thu, 20 Jul 2023 12:56:36 GMT
Content-Type: application/json
Transfer-Encoding: chunked
Connection: keep-alive
Access-Control-Allow-Origin: *
Access-Control-Allow-Methods: GET, POST, DELETE, PUT
Access-Control-Allow-Headers: Content-Type, api_key, Authorization
Server: Jetty(9.2.9.v20150224)

{
    "id": 104,
    "username": "test4",
    "firstName": "Mat",
    "lastName": "Brown",
    "email": "test4@mail.com",
    "password": "test004",
    "phone": "79089898",
    "userStatus": 0
}
]]></system-out>
  </testcase>
  <testcase name="testDeleteUser[test1](1)" classname="api.tests.DDTests" time="0.427">
    <system-out><![CDATA[test1
HTTP/1.1 200 OK
Date: Thu, 20 Jul 2023 12:56:37 GMT
Content-Type: application/json
Transfer-Encoding: chunked
Connection: keep-alive
Access-Control-Allow-Origin: *
Access-Control-Allow-Methods: GET, POST, DELETE, PUT
Access-Control-Allow-Headers: Content-Type, api_key, Authorization
Server: Jetty(9.2.9.v20150224)

{
    "code": 200,
    "type": "unknown",
    "message": "test1"
}
]]></system-out>
  </testcase>
  <testcase name="testDeleteUser[test2](2)" classname="api.tests.DDTests" time="0.404">
    <system-out><![CDATA[test2
HTTP/1.1 200 OK
Date: Thu, 20 Jul 2023 12:56:37 GMT
Content-Type: application/json
Transfer-Encoding: chunked
Connection: keep-alive
Access-Control-Allow-Origin: *
Access-Control-Allow-Methods: GET, POST, DELETE, PUT
Access-Control-Allow-Headers: Content-Type, api_key, Authorization
Server: Jetty(9.2.9.v20150224)

{
    "code": 200,
    "type": "unknown",
    "message": "test2"
}
]]></system-out>
  </testcase>
  <testcase name="testDeleteUser[test3](3)" classname="api.tests.DDTests" time="0.371">
    <system-out><![CDATA[test3
HTTP/1.1 200 OK
Date: Thu, 20 Jul 2023 12:56:37 GMT
Content-Type: application/json
Transfer-Encoding: chunked
Connection: keep-alive
Access-Control-Allow-Origin: *
Access-Control-Allow-Methods: GET, POST, DELETE, PUT
Access-Control-Allow-Headers: Content-Type, api_key, Authorization
Server: Jetty(9.2.9.v20150224)

{
    "code": 200,
    "type": "unknown",
    "message": "test3"
}
]]></system-out>
  </testcase>
  <testcase name="testDeleteUser[test4](4)" classname="api.tests.DDTests" time="0.402">
    <system-out><![CDATA[test4
HTTP/1.1 200 OK
Date: Thu, 20 Jul 2023 12:56:38 GMT
Content-Type: application/json
Transfer-Encoding: chunked
Connection: keep-alive
Access-Control-Allow-Origin: *
Access-Control-Allow-Methods: GET, POST, DELETE, PUT
Access-Control-Allow-Headers: Content-Type, api_key, Authorization
Server: Jetty(9.2.9.v20150224)

{
    "code": 200,
    "type": "unknown",
    "message": "test4"
}
]]></system-out>
  </testcase>
  <testcase name="testPostUser" classname="api.tests.UserTests" time="0.481">
    <system-out><![CDATA[abe.prosacco
HTTP/1.1 200 OK
Date: Thu, 20 Jul 2023 12:56:39 GMT
Content-Type: application/json
Transfer-Encoding: chunked
Connection: keep-alive
Access-Control-Allow-Origin: *
Access-Control-Allow-Methods: GET, POST, DELETE, PUT
Access-Control-Allow-Headers: Content-Type, api_key, Authorization
Server: Jetty(9.2.9.v20150224)

{
    "code": 200,
    "type": "unknown",
    "message": "861500069"
}
07:56:37.658 [main] WARN  api.tests.UserTests - ------User created properly-------
]]></system-out>
  </testcase>
  <testcase name="testGetUser" classname="api.tests.UserTests" time="0.39">
    <system-out><![CDATA[abe.prosacco
HTTP/1.1 200 OK
Date: Thu, 20 Jul 2023 12:56:39 GMT
Content-Type: application/json
Transfer-Encoding: chunked
Connection: keep-alive
Access-Control-Allow-Origin: *
Access-Control-Allow-Methods: GET, POST, DELETE, PUT
Access-Control-Allow-Headers: Content-Type, api_key, Authorization
Server: Jetty(9.2.9.v20150224)

{
    "id": 861500069,
    "username": "abe.prosacco",
    "firstName": "Elidia",
    "lastName": "Keebler",
    "email": "wilford.armstrong@yahoo.com",
    "password": "$B3*J",
    "phone": "(725) 633-8210",
    "userStatus": 0
}
]]></system-out>
  </testcase>
  <testcase name="testPutUser" classname="api.tests.UserTests" time="0.887">
    <system-out><![CDATA[abe.prosacco
HTTP/1.1 200 OK
Date: Thu, 20 Jul 2023 12:56:40 GMT
Content-Type: application/json
Transfer-Encoding: chunked
Connection: keep-alive
Access-Control-Allow-Origin: *
Access-Control-Allow-Methods: GET, POST, DELETE, PUT
Access-Control-Allow-Headers: Content-Type, api_key, Authorization
Server: Jetty(9.2.9.v20150224)

{
    "code": 200,
    "type": "unknown",
    "message": "861500069"
}
]]></system-out>
  </testcase>
  <testcase name="testDeleteUser" classname="api.tests.UserTests" time="0.425">
    <system-out><![CDATA[abe.prosacco
HTTP/1.1 200 OK
Date: Thu, 20 Jul 2023 12:56:41 GMT
Content-Type: application/json
Transfer-Encoding: chunked
Connection: keep-alive
Access-Control-Allow-Origin: *
Access-Control-Allow-Methods: GET, POST, DELETE, PUT
Access-Control-Allow-Headers: Content-Type, api_key, Authorization
Server: Jetty(9.2.9.v20150224)

{
    "code": 200,
    "type": "unknown",
    "message": "abe.prosacco"
}
07:56:39.509 [main] ERROR api.tests.UserTests - ------Deleting completed-------
]]></system-out>
  </testcase>
</testsuite>