<?xml version="1.0" encoding="UTF-8"?>
<testng-results ignored="0" total="16" passed="16" failed="0" skipped="0">
  <reporter-output>
  </reporter-output>
  <suite started-at="2023-06-14T14:58:24 CDT" name="PetStore" finished-at="2023-06-14T14:58:38 CDT" duration-ms="14695">
    <groups>
    </groups>
    <test started-at="2023-06-14T14:58:24 CDT" name="Tests" finished-at="2023-06-14T14:58:38 CDT" duration-ms="14695">
      <class name="api.tests.UserTests">
        <test-method is-config="true" signature="setup()[pri:0, instance:api.tests.UserTests@5b218417]" started-at="2023-06-14T14:58:36 CDT" name="setup" finished-at="2023-06-14T14:58:36 CDT" duration-ms="279" status="PASS">
          <reporter-output>
          </reporter-output>
        </test-method> <!-- setup -->
        <test-method signature="testPostUser()[pri:1, instance:api.tests.UserTests@5b218417]" started-at="2023-06-14T14:58:36 CDT" name="testPostUser" finished-at="2023-06-14T14:58:37 CDT" duration-ms="387" status="PASS">
          <reporter-output>
          </reporter-output>
        </test-method> <!-- testPostUser -->
        <test-method signature="testGetUser()[pri:2, instance:api.tests.UserTests@5b218417]" started-at="2023-06-14T14:58:37 CDT" name="testGetUser" finished-at="2023-06-14T14:58:37 CDT" depends-on-methods="api.tests.UserTests.testPostUser" duration-ms="384" status="PASS">
          <reporter-output>
          </reporter-output>
        </test-method> <!-- testGetUser -->
        <test-method signature="testPutUser()[pri:3, instance:api.tests.UserTests@5b218417]" started-at="2023-06-14T14:58:37 CDT" name="testPutUser" finished-at="2023-06-14T14:58:38 CDT" depends-on-methods="api.tests.UserTests.testPostUser" duration-ms="736" status="PASS">
          <reporter-output>
          </reporter-output>
        </test-method> <!-- testPutUser -->
        <test-method signature="testDeleteUser()[pri:4, instance:api.tests.UserTests@5b218417]" started-at="2023-06-14T14:58:38 CDT" name="testDeleteUser" finished-at="2023-06-14T14:58:38 CDT" depends-on-methods="api.tests.UserTests.testPostUser" duration-ms="371" status="PASS">
          <reporter-output>
          </reporter-output>
        </test-method> <!-- testDeleteUser -->
      </class> <!-- api.tests.UserTests -->
      <class name="api.tests.DDTests">
        <test-method signature="testPostUsers(java.lang.String,java.lang.String,java.lang.String,java.lang.String,java.lang.String,java.lang.String,java.lang.String)[pri:1, instance:api.tests.DDTests@2a265ea9]" started-at="2023-06-14T14:58:28 CDT" name="testPostUsers" data-provider="Data" finished-at="2023-06-14T14:58:32 CDT" duration-ms="3330" status="PASS">
          <params>
            <param index="0">
              <value>
                <![CDATA[101]]>
              </value>
            </param>
            <param index="1">
              <value>
                <![CDATA[test1]]>
              </value>
            </param>
            <param index="2">
              <value>
                <![CDATA[Jhon]]>
              </value>
            </param>
            <param index="3">
              <value>
                <![CDATA[Smith]]>
              </value>
            </param>
            <param index="4">
              <value>
                <![CDATA[test1@mail.com]]>
              </value>
            </param>
            <param index="5">
              <value>
                <![CDATA[test001]]>
              </value>
            </param>
            <param index="6">
              <value>
                <![CDATA[65645454]]>
              </value>
            </param>
          </params>
          <reporter-output>
          </reporter-output>
        </test-method> <!-- testPostUsers -->
        <test-method signature="testPostUsers(java.lang.String,java.lang.String,java.lang.String,java.lang.String,java.lang.String,java.lang.String,java.lang.String)[pri:1, instance:api.tests.DDTests@2a265ea9]" started-at="2023-06-14T14:58:32 CDT" name="testPostUsers" data-provider="Data" finished-at="2023-06-14T14:58:32 CDT" duration-ms="405" status="PASS">
          <params>
            <param index="0">
              <value>
                <![CDATA[102]]>
              </value>
            </param>
            <param index="1">
              <value>
                <![CDATA[test2]]>
              </value>
            </param>
            <param index="2">
              <value>
                <![CDATA[Kat]]>
              </value>
            </param>
            <param index="3">
              <value>
                <![CDATA[Kan]]>
              </value>
            </param>
            <param index="4">
              <value>
                <![CDATA[test2@mail.com]]>
              </value>
            </param>
            <param index="5">
              <value>
                <![CDATA[test002]]>
              </value>
            </param>
            <param index="6">
              <value>
                <![CDATA[34534534]]>
              </value>
            </param>
          </params>
          <reporter-output>
          </reporter-output>
        </test-method> <!-- testPostUsers -->
        <test-method signature="testPostUsers(java.lang.String,java.lang.String,java.lang.String,java.lang.String,java.lang.String,java.lang.String,java.lang.String)[pri:1, instance:api.tests.DDTests@2a265ea9]" started-at="2023-06-14T14:58:32 CDT" name="testPostUsers" data-provider="Data" finished-at="2023-06-14T14:58:32 CDT" duration-ms="390" status="PASS">
          <params>
            <param index="0">
              <value>
                <![CDATA[103]]>
              </value>
            </param>
            <param index="1">
              <value>
                <![CDATA[test3]]>
              </value>
            </param>
            <param index="2">
              <value>
                <![CDATA[Bob]]>
              </value>
            </param>
            <param index="3">
              <value>
                <![CDATA[Mill]]>
              </value>
            </param>
            <param index="4">
              <value>
                <![CDATA[test3@mail.com]]>
              </value>
            </param>
            <param index="5">
              <value>
                <![CDATA[test003]]>
              </value>
            </param>
            <param index="6">
              <value>
                <![CDATA[23232111]]>
              </value>
            </param>
          </params>
          <reporter-output>
          </reporter-output>
        </test-method> <!-- testPostUsers -->
        <test-method signature="testPostUsers(java.lang.String,java.lang.String,java.lang.String,java.lang.String,java.lang.String,java.lang.String,java.lang.String)[pri:1, instance:api.tests.DDTests@2a265ea9]" started-at="2023-06-14T14:58:32 CDT" name="testPostUsers" data-provider="Data" finished-at="2023-06-14T14:58:33 CDT" duration-ms="378" status="PASS">
          <params>
            <param index="0">
              <value>
                <![CDATA[104]]>
              </value>
            </param>
            <param index="1">
              <value>
                <![CDATA[test4]]>
              </value>
            </param>
            <param index="2">
              <value>
                <![CDATA[Mat]]>
              </value>
            </param>
            <param index="3">
              <value>
                <![CDATA[Brown]]>
              </value>
            </param>
            <param index="4">
              <value>
                <![CDATA[test4@mail.com]]>
              </value>
            </param>
            <param index="5">
              <value>
                <![CDATA[test004]]>
              </value>
            </param>
            <param index="6">
              <value>
                <![CDATA[79089898]]>
              </value>
            </param>
          </params>
          <reporter-output>
          </reporter-output>
        </test-method> <!-- testPostUsers -->
        <test-method signature="testGetUser(java.lang.String)[pri:2, instance:api.tests.DDTests@2a265ea9]" started-at="2023-06-14T14:58:33 CDT" name="testGetUser" data-provider="UserNames" finished-at="2023-06-14T14:58:33 CDT" depends-on-methods="api.tests.DDTests.testPostUsers" duration-ms="419" status="PASS">
          <params>
            <param index="0">
              <value>
                <![CDATA[test1]]>
              </value>
            </param>
          </params>
          <reporter-output>
          </reporter-output>
        </test-method> <!-- testGetUser -->
        <test-method signature="testGetUser(java.lang.String)[pri:2, instance:api.tests.DDTests@2a265ea9]" started-at="2023-06-14T14:58:33 CDT" name="testGetUser" data-provider="UserNames" finished-at="2023-06-14T14:58:34 CDT" depends-on-methods="api.tests.DDTests.testPostUsers" duration-ms="376" status="PASS">
          <params>
            <param index="0">
              <value>
                <![CDATA[test2]]>
              </value>
            </param>
          </params>
          <reporter-output>
          </reporter-output>
        </test-method> <!-- testGetUser -->
        <test-method signature="testGetUser(java.lang.String)[pri:2, instance:api.tests.DDTests@2a265ea9]" started-at="2023-06-14T14:58:34 CDT" name="testGetUser" data-provider="UserNames" finished-at="2023-06-14T14:58:34 CDT" depends-on-methods="api.tests.DDTests.testPostUsers" duration-ms="364" status="PASS">
          <params>
            <param index="0">
              <value>
                <![CDATA[test3]]>
              </value>
            </param>
          </params>
          <reporter-output>
          </reporter-output>
        </test-method> <!-- testGetUser -->
        <test-method signature="testGetUser(java.lang.String)[pri:2, instance:api.tests.DDTests@2a265ea9]" started-at="2023-06-14T14:58:34 CDT" name="testGetUser" data-provider="UserNames" finished-at="2023-06-14T14:58:35 CDT" depends-on-methods="api.tests.DDTests.testPostUsers" duration-ms="389" status="PASS">
          <params>
            <param index="0">
              <value>
                <![CDATA[test4]]>
              </value>
            </param>
          </params>
          <reporter-output>
          </reporter-output>
        </test-method> <!-- testGetUser -->
        <test-method signature="testDeleteUser(java.lang.String)[pri:3, instance:api.tests.DDTests@2a265ea9]" started-at="2023-06-14T14:58:35 CDT" name="testDeleteUser" data-provider="UserNames" finished-at="2023-06-14T14:58:35 CDT" depends-on-methods="api.tests.DDTests.testPostUsers" duration-ms="378" status="PASS">
          <params>
            <param index="0">
              <value>
                <![CDATA[test1]]>
              </value>
            </param>
          </params>
          <reporter-output>
          </reporter-output>
        </test-method> <!-- testDeleteUser -->
        <test-method signature="testDeleteUser(java.lang.String)[pri:3, instance:api.tests.DDTests@2a265ea9]" started-at="2023-06-14T14:58:35 CDT" name="testDeleteUser" data-provider="UserNames" finished-at="2023-06-14T14:58:35 CDT" depends-on-methods="api.tests.DDTests.testPostUsers" duration-ms="382" status="PASS">
          <params>
            <param index="0">
              <value>
                <![CDATA[test2]]>
              </value>
            </param>
          </params>
          <reporter-output>
          </reporter-output>
        </test-method> <!-- testDeleteUser -->
        <test-method signature="testDeleteUser(java.lang.String)[pri:3, instance:api.tests.DDTests@2a265ea9]" started-at="2023-06-14T14:58:35 CDT" name="testDeleteUser" data-provider="UserNames" finished-at="2023-06-14T14:58:36 CDT" depends-on-methods="api.tests.DDTests.testPostUsers" duration-ms="368" status="PASS">
          <params>
            <param index="0">
              <value>
                <![CDATA[test3]]>
              </value>
            </param>
          </params>
          <reporter-output>
          </reporter-output>
        </test-method> <!-- testDeleteUser -->
        <test-method signature="testDeleteUser(java.lang.String)[pri:3, instance:api.tests.DDTests@2a265ea9]" started-at="2023-06-14T14:58:36 CDT" name="testDeleteUser" data-provider="UserNames" finished-at="2023-06-14T14:58:36 CDT" depends-on-methods="api.tests.DDTests.testPostUsers" duration-ms="380" status="PASS">
          <params>
            <param index="0">
              <value>
                <![CDATA[test4]]>
              </value>
            </param>
          </params>
          <reporter-output>
          </reporter-output>
        </test-method> <!-- testDeleteUser -->
      </class> <!-- api.tests.DDTests -->
    </test> <!-- Tests -->
  </suite> <!-- PetStore -->
</testng-results>
