<?xml version="1.0" encoding="UTF-8"?>
<testng-results ignored="0" total="16" passed="16" failed="0" skipped="0">
  <reporter-output>
  </reporter-output>
  <suite started-at="2023-07-20T07:59:54 CDT" name="PetStore" finished-at="2023-07-20T08:00:09 CDT" duration-ms="15661">
    <groups>
    </groups>
    <test started-at="2023-07-20T07:59:54 CDT" name="Tests" finished-at="2023-07-20T08:00:09 CDT" duration-ms="15661">
      <class name="api.tests.UserTests">
        <test-method is-config="true" signature="setup()[pri:0, instance:api.tests.UserTests@5b7a7f33]" started-at="2023-07-20T08:00:07 CDT" name="setup" finished-at="2023-07-20T08:00:07 CDT" duration-ms="341" status="PASS">
          <reporter-output>
          </reporter-output>
        </test-method> <!-- setup -->
        <test-method signature="testPostUser()[pri:1, instance:api.tests.UserTests@5b7a7f33]" started-at="2023-07-20T08:00:07 CDT" name="testPostUser" finished-at="2023-07-20T08:00:08 CDT" duration-ms="438" status="PASS">
          <reporter-output>
          </reporter-output>
        </test-method> <!-- testPostUser -->
        <test-method signature="testGetUser()[pri:2, instance:api.tests.UserTests@5b7a7f33]" started-at="2023-07-20T08:00:08 CDT" name="testGetUser" finished-at="2023-07-20T08:00:08 CDT" depends-on-methods="api.tests.UserTests.testPostUser" duration-ms="433" status="PASS">
          <reporter-output>
          </reporter-output>
        </test-method> <!-- testGetUser -->
        <test-method signature="testPutUser()[pri:3, instance:api.tests.UserTests@5b7a7f33]" started-at="2023-07-20T08:00:08 CDT" name="testPutUser" finished-at="2023-07-20T08:00:09 CDT" depends-on-methods="api.tests.UserTests.testPostUser" duration-ms="845" status="PASS">
          <reporter-output>
          </reporter-output>
        </test-method> <!-- testPutUser -->
        <test-method signature="testDeleteUser()[pri:4, instance:api.tests.UserTests@5b7a7f33]" started-at="2023-07-20T08:00:09 CDT" name="testDeleteUser" finished-at="2023-07-20T08:00:09 CDT" depends-on-methods="api.tests.UserTests.testPostUser" duration-ms="412" status="PASS">
          <reporter-output>
          </reporter-output>
        </test-method> <!-- testDeleteUser -->
      </class> <!-- api.tests.UserTests -->
      <class name="api.tests.DDTests">
        <test-method signature="testPostUsers(java.lang.String,java.lang.String,java.lang.String,java.lang.String,java.lang.String,java.lang.String,java.lang.String)[pri:1, instance:api.tests.DDTests@1033576a]" started-at="2023-07-20T07:59:57 CDT" name="testPostUsers" data-provider="Data" finished-at="2023-07-20T08:00:01 CDT" duration-ms="4030" status="PASS">
          <params>
            <param index="0">
              <value>
                <![CDATA[101]]>
              </value>
            </param>
            <param index="1">
              <value>
                <![CDATA[test1]]>
              </value>
            </param>
            <param index="2">
              <value>
                <![CDATA[Jhon]]>
              </value>
            </param>
            <param index="3">
              <value>
                <![CDATA[Smith]]>
              </value>
            </param>
            <param index="4">
              <value>
                <![CDATA[test1@mail.com]]>
              </value>
            </param>
            <param index="5">
              <value>
                <![CDATA[test001]]>
              </value>
            </param>
            <param index="6">
              <value>
                <![CDATA[65645454]]>
              </value>
            </param>
          </params>
          <reporter-output>
          </reporter-output>
        </test-method> <!-- testPostUsers -->
        <test-method signature="testPostUsers(java.lang.String,java.lang.String,java.lang.String,java.lang.String,java.lang.String,java.lang.String,java.lang.String)[pri:1, instance:api.tests.DDTests@1033576a]" started-at="2023-07-20T08:00:01 CDT" name="testPostUsers" data-provider="Data" finished-at="2023-07-20T08:00:02 CDT" duration-ms="425" status="PASS">
          <params>
            <param index="0">
              <value>
                <![CDATA[102]]>
              </value>
            </param>
            <param index="1">
              <value>
                <![CDATA[test2]]>
              </value>
            </param>
            <param index="2">
              <value>
                <![CDATA[Kat]]>
              </value>
            </param>
            <param index="3">
              <value>
                <![CDATA[Kan]]>
              </value>
            </param>
            <param index="4">
              <value>
                <![CDATA[test2@mail.com]]>
              </value>
            </param>
            <param index="5">
              <value>
                <![CDATA[test002]]>
              </value>
            </param>
            <param index="6">
              <value>
                <![CDATA[34534534]]>
              </value>
            </param>
          </params>
          <reporter-output>
          </reporter-output>
        </test-method> <!-- testPostUsers -->
        <test-method signature="testPostUsers(java.lang.String,java.lang.String,java.lang.String,java.lang.String,java.lang.String,java.lang.String,java.lang.String)[pri:1, instance:api.tests.DDTests@1033576a]" started-at="2023-07-20T08:00:02 CDT" name="testPostUsers" data-provider="Data" finished-at="2023-07-20T08:00:02 CDT" duration-ms="469" status="PASS">
          <params>
            <param index="0">
              <value>
                <![CDATA[103]]>
              </value>
            </param>
            <param index="1">
              <value>
                <![CDATA[test3]]>
              </value>
            </param>
            <param index="2">
              <value>
                <![CDATA[Bob]]>
              </value>
            </param>
            <param index="3">
              <value>
                <![CDATA[Mill]]>
              </value>
            </param>
            <param index="4">
              <value>
                <![CDATA[test3@mail.com]]>
              </value>
            </param>
            <param index="5">
              <value>
                <![CDATA[test003]]>
              </value>
            </param>
            <param index="6">
              <value>
                <![CDATA[23232111]]>
              </value>
            </param>
          </params>
          <reporter-output>
          </reporter-output>
        </test-method> <!-- testPostUsers -->
        <test-method signature="testPostUsers(java.lang.String,java.lang.String,java.lang.String,java.lang.String,java.lang.String,java.lang.String,java.lang.String)[pri:1, instance:api.tests.DDTests@1033576a]" started-at="2023-07-20T08:00:02 CDT" name="testPostUsers" data-provider="Data" finished-at="2023-07-20T08:00:03 CDT" duration-ms="437" status="PASS">
          <params>
            <param index="0">
              <value>
                <![CDATA[104]]>
              </value>
            </param>
            <param index="1">
              <value>
                <![CDATA[test4]]>
              </value>
            </param>
            <param index="2">
              <value>
                <![CDATA[Mat]]>
              </value>
            </param>
            <param index="3">
              <value>
                <![CDATA[Brown]]>
              </value>
            </param>
            <param index="4">
              <value>
                <![CDATA[test4@mail.com]]>
              </value>
            </param>
            <param index="5">
              <value>
                <![CDATA[test004]]>
              </value>
            </param>
            <param index="6">
              <value>
                <![CDATA[79089898]]>
              </value>
            </param>
          </params>
          <reporter-output>
          </reporter-output>
        </test-method> <!-- testPostUsers -->
        <test-method signature="testGetUser(java.lang.String)[pri:2, instance:api.tests.DDTests@1033576a]" started-at="2023-07-20T08:00:03 CDT" name="testGetUser" data-provider="UserNames" finished-at="2023-07-20T08:00:03 CDT" depends-on-methods="api.tests.DDTests.testPostUsers" duration-ms="429" status="PASS">
          <params>
            <param index="0">
              <value>
                <![CDATA[test1]]>
              </value>
            </param>
          </params>
          <reporter-output>
          </reporter-output>
        </test-method> <!-- testGetUser -->
        <test-method signature="testGetUser(java.lang.String)[pri:2, instance:api.tests.DDTests@1033576a]" started-at="2023-07-20T08:00:03 CDT" name="testGetUser" data-provider="UserNames" finished-at="2023-07-20T08:00:04 CDT" depends-on-methods="api.tests.DDTests.testPostUsers" duration-ms="442" status="PASS">
          <params>
            <param index="0">
              <value>
                <![CDATA[test2]]>
              </value>
            </param>
          </params>
          <reporter-output>
          </reporter-output>
        </test-method> <!-- testGetUser -->
        <test-method signature="testGetUser(java.lang.String)[pri:2, instance:api.tests.DDTests@1033576a]" started-at="2023-07-20T08:00:04 CDT" name="testGetUser" data-provider="UserNames" finished-at="2023-07-20T08:00:04 CDT" depends-on-methods="api.tests.DDTests.testPostUsers" duration-ms="465" status="PASS">
          <params>
            <param index="0">
              <value>
                <![CDATA[test3]]>
              </value>
            </param>
          </params>
          <reporter-output>
          </reporter-output>
        </test-method> <!-- testGetUser -->
        <test-method signature="testGetUser(java.lang.String)[pri:2, instance:api.tests.DDTests@1033576a]" started-at="2023-07-20T08:00:04 CDT" name="testGetUser" data-provider="UserNames" finished-at="2023-07-20T08:00:05 CDT" depends-on-methods="api.tests.DDTests.testPostUsers" duration-ms="465" status="PASS">
          <params>
            <param index="0">
              <value>
                <![CDATA[test4]]>
              </value>
            </param>
          </params>
          <reporter-output>
          </reporter-output>
        </test-method> <!-- testGetUser -->
        <test-method signature="testDeleteUser(java.lang.String)[pri:3, instance:api.tests.DDTests@1033576a]" started-at="2023-07-20T08:00:05 CDT" name="testDeleteUser" data-provider="UserNames" finished-at="2023-07-20T08:00:05 CDT" depends-on-methods="api.tests.DDTests.testPostUsers" duration-ms="373" status="PASS">
          <params>
            <param index="0">
              <value>
                <![CDATA[test1]]>
              </value>
            </param>
          </params>
          <reporter-output>
          </reporter-output>
        </test-method> <!-- testDeleteUser -->
        <test-method signature="testDeleteUser(java.lang.String)[pri:3, instance:api.tests.DDTests@1033576a]" started-at="2023-07-20T08:00:05 CDT" name="testDeleteUser" data-provider="UserNames" finished-at="2023-07-20T08:00:06 CDT" depends-on-methods="api.tests.DDTests.testPostUsers" duration-ms="379" status="PASS">
          <params>
            <param index="0">
              <value>
                <![CDATA[test2]]>
              </value>
            </param>
          </params>
          <reporter-output>
          </reporter-output>
        </test-method> <!-- testDeleteUser -->
        <test-method signature="testDeleteUser(java.lang.String)[pri:3, instance:api.tests.DDTests@1033576a]" started-at="2023-07-20T08:00:06 CDT" name="testDeleteUser" data-provider="UserNames" finished-at="2023-07-20T08:00:06 CDT" depends-on-methods="api.tests.DDTests.testPostUsers" duration-ms="434" status="PASS">
          <params>
            <param index="0">
              <value>
                <![CDATA[test3]]>
              </value>
            </param>
          </params>
          <reporter-output>
          </reporter-output>
        </test-method> <!-- testDeleteUser -->
        <test-method signature="testDeleteUser(java.lang.String)[pri:3, instance:api.tests.DDTests@1033576a]" started-at="2023-07-20T08:00:06 CDT" name="testDeleteUser" data-provider="UserNames" finished-at="2023-07-20T08:00:07 CDT" depends-on-methods="api.tests.DDTests.testPostUsers" duration-ms="480" status="PASS">
          <params>
            <param index="0">
              <value>
                <![CDATA[test4]]>
              </value>
            </param>
          </params>
          <reporter-output>
          </reporter-output>
        </test-method> <!-- testDeleteUser -->
      </class> <!-- api.tests.DDTests -->
    </test> <!-- Tests -->
  </suite> <!-- PetStore -->
</testng-results>
