<?xml version="1.0" encoding="UTF-8"?>
<!-- Generated by org.testng.reporters.JUnitXMLReporter -->
<testsuite ignored="0" hostname="HP-Dago" failures="0" tests="16" name="Tests" time="13.129" errors="0" timestamp="2023-06-13T03:20:46 CDT">
  <testcase classname="api.tests.DDTests" name="testPostUsers" time="3.137"/>
  <testcase classname="api.tests.DDTests" name="testPostUsers" time="0.443"/>
  <testcase classname="api.tests.DDTests" name="testPostUsers" time="0.382"/>
  <testcase classname="api.tests.DDTests" name="testPostUsers" time="0.387"/>
  <testcase classname="api.tests.DDTests" name="testGetUser" time="0.402"/>
  <testcase classname="api.tests.DDTests" name="testGetUser" time="0.384"/>
  <testcase classname="api.tests.DDTests" name="testGetUser" time="0.386"/>
  <testcase classname="api.tests.DDTests" name="testGetUser" time="0.38"/>
  <testcase classname="api.tests.DDTests" name="testDeleteUser" time="0.37"/>
  <testcase classname="api.tests.DDTests" name="testDeleteUser" time="0.38"/>
  <testcase classname="api.tests.DDTests" name="testDeleteUser" time="0.382"/>
  <testcase classname="api.tests.DDTests" name="testDeleteUser" time="0.363"/>
  <testcase classname="api.tests.UserTests" name="testPostUser" time="0.401"/>
  <testcase classname="api.tests.UserTests" name="testGetUser" time="0.379"/>
  <testcase classname="api.tests.UserTests" name="testPutUser" time="0.762"/>
  <testcase classname="api.tests.UserTests" name="testDeleteUser" time="0.355"/>
</testsuite> <!-- Tests -->
